Configuration file: /home/zps/qiebzps.github.io/_config.yml
            Source: /home/zps/qiebzps.github.io
       Destination: /home/zps/qiebzps.github.io/_site
 Incremental build: disabled. Enable with --incremental
      Generating... 
       Jekyll Feed: Generating feed for posts
                    done in 0.401 seconds.
 Auto-regeneration: enabled for '/home/zps/qiebzps.github.io'
    Server address: http://127.0.0.1:4000/
  Server running... press ctrl-c to stop.
Configuration file: /home/zps/qiebzps.github.io/_config.yml
            Source: /home/zps/qiebzps.github.io
       Destination: /home/zps/qiebzps.github.io/_site
 Incremental build: disabled. Enable with --incremental
      Generating... 
       Jekyll Feed: Generating feed for posts
                    done in 0.4 seconds.
 Auto-regeneration: enabled for '/home/zps/qiebzps.github.io'
    Server address: http://127.0.0.1:4000/
  Server running... press ctrl-c to stop.
[2019-01-10 22:12:23] ERROR `/favicon.ico' not found.
[2019-01-10 22:12:39] ERROR `/favicon.ico' not found.
[2019-01-10 22:12:39] ERROR `/favicon.ico' not found.
[2019-01-10 22:12:40] ERROR `/favicon.ico' not found.
[2019-01-10 22:12:40] ERROR `/favicon.ico' not found.
[2019-01-10 22:12:40] ERROR `/favicon.ico' not found.
[2019-01-10 22:12:40] ERROR `/favicon.ico' not found.
[2019-01-10 22:12:41] ERROR `/favicon.ico' not found.
[2019-01-10 22:12:41] ERROR `/favicon.ico' not found.
[2019-01-10 22:12:41] ERROR `/favicon.ico' not found.
[2019-01-10 22:12:41] ERROR `/favicon.ico' not found.
      Regenerating: 1 file(s) changed at 2019-01-10 22:17:27
                    _posts/2019-01-10后台运行命令.md
       Jekyll Feed: Generating feed for posts
                    ...done in 0.407084757 seconds.
                    
      Regenerating: 1 file(s) changed at 2019-01-10 22:19:05
                    _posts/2019-01-10后台运行命令.md
       Jekyll Feed: Generating feed for posts
                    ...done in 0.289056864 seconds.
                    
      Regenerating: 1 file(s) changed at 2019-01-10 22:20:52
                    _posts/2019-01-10后台运行命令.md
       Jekyll Feed: Generating feed for posts
                    ...done in 0.280728648 seconds.
                    
      Regenerating: 1 file(s) changed at 2019-01-10 22:21:04
                    _posts/2018-11-25-Atom的安装.md
       Jekyll Feed: Generating feed for posts
                    ...done in 0.242184844 seconds.
                    
      Regenerating: 1 file(s) changed at 2019-01-10 22:22:06
                    _posts/2019-01-10后台运行命令.md
       Jekyll Feed: Generating feed for posts
                    ...done in 0.244361257 seconds.
                    
      Regenerating: 1 file(s) changed at 2019-01-10 22:24:18
                    _posts/2019-01-10后台运行命令.md
       Jekyll Feed: Generating feed for posts
                    ...done in 0.262008848 seconds.
                    
      Regenerating: 1 file(s) changed at 2019-01-10 22:25:50
                    _posts/2019-01-10后台运行命令.md
       Jekyll Feed: Generating feed for posts
                    ...done in 0.409404055 seconds.
                    
      Regenerating: 1 file(s) changed at 2019-01-10 22:26:40
                    _posts/2019-01-10后台运行命令.md
       Jekyll Feed: Generating feed for posts
                    ...done in 0.281092915 seconds.
                    
      Regenerating: 1 file(s) changed at 2019-01-10 22:28:06
                    _posts/2019-01-10后台运行命令.md
       Jekyll Feed: Generating feed for posts
                    ...done in 0.288120805 seconds.
                    
      Regenerating: 1 file(s) changed at 2019-01-10 22:28:42
                    _posts/2019-01-10后台运行命令.md
       Jekyll Feed: Generating feed for posts
                    ...done in 0.262866832 seconds.
                    
      Regenerating: 1 file(s) changed at 2019-01-10 22:30:48
                    _posts/2019-01-10后台运行命令.md
       Jekyll Feed: Generating feed for posts
                    ...done in 0.389610561 seconds.
                    
      Regenerating: 1 file(s) changed at 2019-01-10 22:33:48
                    _posts/2019-01-10后台运行命令.md
       Jekyll Feed: Generating feed for posts
                    ...done in 0.261222572 seconds.
                    
      Regenerating: 1 file(s) changed at 2019-01-10 22:34:06
                    _posts/2019-01-10后台运行命令.md
       Jekyll Feed: Generating feed for posts
                    ...done in 0.264199739 seconds.
                    
      Regenerating: 1 file(s) changed at 2019-01-10 22:34:40
                    _posts/2019-01-10后台运行命令.md
       Jekyll Feed: Generating feed for posts
                    ...done in 0.364175737 seconds.
                    
      Regenerating: 1 file(s) changed at 2019-01-10 22:34:46
                    _posts/2019-01-10后台运行命令.md
       Jekyll Feed: Generating feed for posts
                    ...done in 0.236480715 seconds.
                    
[2019-01-10 22:34:58] ERROR `/favicon.ico' not found.
[2019-01-10 22:35:06] ERROR `/favicon.ico' not found.
[2019-01-10 22:35:07] ERROR `/favicon.ico' not found.
[2019-01-10 22:35:07] ERROR `/favicon.ico' not found.
[2019-01-10 22:35:07] ERROR `/favicon.ico' not found.
[2019-01-10 22:35:08] ERROR `/favicon.ico' not found.
[2019-01-10 22:35:08] ERROR `/favicon.ico' not found.
[2019-01-10 22:35:08] ERROR `/favicon.ico' not found.
